<?xml version="1.0" encoding="UTF-8"?>
<testng-results ignored="0" total="1" passed="1" failed="0" skipped="0">
  <reporter-output>
  </reporter-output>
  <suite started-at="2022-05-26T23:29:08 CDT" name="Default suite" finished-at="2022-05-26T23:29:11 CDT" duration-ms="2427">
    <groups>
    </groups>
    <test started-at="2022-05-26T23:29:08 CDT" name="Default test" finished-at="2022-05-26T23:29:11 CDT" duration-ms="2427">
      <class name="DriverTest">
        <test-method signature="getDriverTest()[pri:0, instance:DriverTest@3c72f59f]" started-at="2022-05-26T23:29:08 CDT" name="getDriverTest" finished-at="2022-05-26T23:29:10 CDT" duration-ms="2263" status="PASS">
          <reporter-output>
          </reporter-output>
        </test-method> <!-- getDriverTest -->
        <test-method is-config="true" signature="quitDriver()[pri:0, instance:DriverTest@3c72f59f]" started-at="2022-05-26T23:29:10 CDT" name="quitDriver" finished-at="2022-05-26T23:29:11 CDT" duration-ms="141" status="PASS">
          <reporter-output>
          </reporter-output>
        </test-method> <!-- quitDriver -->
      </class> <!-- DriverTest -->
    </test> <!-- Default test -->
  </suite> <!-- Default suite -->
</testng-results>
